[debug] [2022-06-01T02:44:18.334Z] ----------------------------------------------------------------------
[debug] [2022-06-01T02:44:18.337Z] Command:       C:\Program Files\nodejs\node.exe C:\Users\marol\AppData\Roaming\npm\node_modules\firebase-tools\lib\bin\firebase.js deploy
[debug] [2022-06-01T02:44:18.338Z] CLI Version:   11.0.1
[debug] [2022-06-01T02:44:18.338Z] Platform:      win32
[debug] [2022-06-01T02:44:18.338Z] Node Version:  v16.15.0
[debug] [2022-06-01T02:44:18.339Z] Time:          Wed Jun 01 2022 10:44:18 GMT+0800 (Philippine Standard Time)
[debug] [2022-06-01T02:44:18.340Z] ----------------------------------------------------------------------
[debug] 
[debug] [2022-06-01T02:44:18.440Z] > command requires scopes: ["email","openid","https://www.googleapis.com/auth/cloudplatformprojects.readonly","https://www.googleapis.com/auth/firebase","https://www.googleapis.com/auth/cloud-platform"]
[debug] [2022-06-01T02:44:18.440Z] > authorizing via signed-in user (marolabio@gmail.com)
[debug] [2022-06-01T02:44:18.440Z] [iam] checking project river-village-website for permissions ["firebase.projects.get","firebasehosting.sites.update"]
[debug] [2022-06-01T02:44:18.443Z] > refreshing access token with scopes: []
[debug] [2022-06-01T02:44:18.444Z] >>> HTTP REQUEST POST https://www.googleapis.com/oauth2/v3/token  
 <request body omitted>
[debug] [2022-06-01T02:44:18.674Z] <<< HTTP RESPONSE 200 {"cache-control":"no-cache, no-store, max-age=0, must-revalidate","pragma":"no-cache","date":"Wed, 01 Jun 2022 02:44:18 GMT","expires":"Mon, 01 Jan 1990 00:00:00 GMT","content-type":"application/json; charset=utf-8","vary":"X-Origin, Referer, Origin,Accept-Encoding","server":"scaffolding on HTTPServer2","x-xss-protection":"0","x-frame-options":"SAMEORIGIN","x-content-type-options":"nosniff","alt-svc":"h3=\":443\"; ma=2592000,h3-29=\":443\"; ma=2592000,h3-Q050=\":443\"; ma=2592000,h3-Q046=\":443\"; ma=2592000,h3-Q043=\":443\"; ma=2592000,quic=\":443\"; ma=2592000; v=\"46,43\"","accept-ranges":"none","transfer-encoding":"chunked"}
[debug] [2022-06-01T02:44:18.689Z] >>> [apiv2][query] POST https://cloudresourcemanager.googleapis.com/v1/projects/river-village-website:testIamPermissions [none]
[debug] [2022-06-01T02:44:18.689Z] >>> [apiv2][body] POST https://cloudresourcemanager.googleapis.com/v1/projects/river-village-website:testIamPermissions {"permissions":["firebase.projects.get","firebasehosting.sites.update"]}
[debug] [2022-06-01T02:44:19.697Z] <<< [apiv2][status] POST https://cloudresourcemanager.googleapis.com/v1/projects/river-village-website:testIamPermissions 200
[debug] [2022-06-01T02:44:19.698Z] <<< [apiv2][body] POST https://cloudresourcemanager.googleapis.com/v1/projects/river-village-website:testIamPermissions {"permissions":["firebase.projects.get","firebasehosting.sites.update"]}
[debug] [2022-06-01T02:44:19.701Z] >>> [apiv2][query] GET https://firebase.googleapis.com/v1beta1/projects/river-village-website [none]
[debug] [2022-06-01T02:44:20.079Z] <<< [apiv2][status] GET https://firebase.googleapis.com/v1beta1/projects/river-village-website 200
[debug] [2022-06-01T02:44:20.080Z] <<< [apiv2][body] GET https://firebase.googleapis.com/v1beta1/projects/river-village-website {"projectId":"river-village-website","projectNumber":"130255407012","displayName":"river-village-website","name":"projects/river-village-website","resources":{"hostingSite":"river-village-website"},"state":"ACTIVE"}
[info] 
[info] === Deploying to 'river-village-website'...
[info] 
[info] i  deploying hosting 
[debug] [2022-06-01T02:44:20.087Z] >>> [apiv2][query] GET https://firebase.googleapis.com/v1beta1/projects/river-village-website [none]
[debug] [2022-06-01T02:44:20.469Z] <<< [apiv2][status] GET https://firebase.googleapis.com/v1beta1/projects/river-village-website 200
[debug] [2022-06-01T02:44:20.469Z] <<< [apiv2][body] GET https://firebase.googleapis.com/v1beta1/projects/river-village-website {"projectId":"river-village-website","projectNumber":"130255407012","displayName":"river-village-website","name":"projects/river-village-website","resources":{"hostingSite":"river-village-website"},"state":"ACTIVE"}
[debug] [2022-06-01T02:44:20.472Z] >>> [apiv2][query] POST https://firebasehosting.googleapis.com/v1beta1/projects/130255407012/sites/river-village-website/versions [none]
[debug] [2022-06-01T02:44:20.472Z] >>> [apiv2][body] POST https://firebasehosting.googleapis.com/v1beta1/projects/130255407012/sites/river-village-website/versions {"config":{},"labels":{"deployment-tool":"cli-firebase"}}
